<?xml version="1.0" encoding="UTF-8"?>
<!-- Generated by org.testng.reporters.JUnitReportReporter -->
<testsuite name="testcases.RadioButton" tests="1" time="19.342" ignored="0" failures="0" timestamp="09 Apr 2018 11:58:16 GMT" skipped="0" hostname="INDIA-VAISHNAVK" errors="0">
  <testcase name="loginAndLogout" time="19.342" classname="testcases.RadioButton"/>
</testsuite> <!-- testcases.RadioButton -->
