<?xml version="1.0" encoding="UTF-8"?>
<!-- Generated by org.testng.reporters.JUnitReportReporter -->
<testsuite name="testcases.TC001_LoginAndLogout" tests="2" time="44.242" ignored="0" failures="0" timestamp="08 Apr 2018 07:22:22 GMT" skipped="0" hostname="INDIA-VAISHNAVK" errors="0">
  <testcase name="loginAndLogout" time="25.327" classname="testcases.TC001_LoginAndLogout"/>
  <testcase name="loginAndLogout" time="18.915" classname="testcases.TC001_LoginAndLogout"/>
</testsuite> <!-- testcases.TC001_LoginAndLogout -->
